        ___
       __H__
 ___ ___[.]_____ ___ ___  {1.2.10#stable}
|_ -| . [']     | .'| . |
|___|_  [.]_|_|_|__,|  _|
      |_|V          |_|   http://sqlmap.org

[!] legal disclaimer: Usage of sqlmap for attacking targets without prior mutual consent is illegal. It is the end user's responsibility to obey all applicable local, state and federal laws. Developers assume no liability and are not responsible for any misuse or damage caused by this program

[*] starting at 21:33:00

[21:33:01] [INFO] testing connection to the target URL
[21:33:02] [INFO] testing if the target URL content is stable
[21:33:02] [INFO] target URL content is stable
[21:33:02] [INFO] skipping anti-CSRF token parameter 'csrf_token'
[21:33:02] [INFO] testing if POST parameter 'username' is dynamic
[21:33:02] [WARNING] POST parameter 'username' does not appear to be dynamic
[21:33:03] [WARNING] heuristic (basic) test shows that POST parameter 'username' might not be injectable
[21:33:03] [INFO] testing for SQL injection on POST parameter 'username'
[21:33:03] [INFO] testing 'AND boolean-based blind - WHERE or HAVING clause'
[21:33:03] [INFO] testing 'Boolean-based blind - Parameter replace (original value)'
[21:33:04] [INFO] testing 'MySQL >= 5.0 AND error-based - WHERE, HAVING, ORDER BY or GROUP BY clause (FLOOR)'
[21:33:04] [INFO] testing 'PostgreSQL AND error-based - WHERE or HAVING clause'
[21:33:04] [INFO] testing 'Microsoft SQL Server/Sybase AND error-based - WHERE or HAVING clause (IN)'
[21:33:05] [INFO] testing 'Oracle AND error-based - WHERE or HAVING clause (XMLType)'
[21:33:05] [INFO] testing 'MySQL >= 5.0 error-based - Parameter replace (FLOOR)'
[21:33:05] [INFO] testing 'MySQL inline queries'
[21:33:05] [INFO] testing 'PostgreSQL inline queries'
[21:33:05] [INFO] testing 'Microsoft SQL Server/Sybase inline queries'
[21:33:05] [INFO] testing 'PostgreSQL > 8.1 stacked queries (comment)'
[21:33:05] [INFO] testing 'Microsoft SQL Server/Sybase stacked queries (comment)'
[21:33:06] [INFO] testing 'Oracle stacked queries (DBMS_PIPE.RECEIVE_MESSAGE - comment)'
[21:33:06] [INFO] testing 'MySQL >= 5.0.12 AND time-based blind'
[21:33:06] [INFO] testing 'PostgreSQL > 8.1 AND time-based blind'
[21:33:06] [INFO] testing 'Microsoft SQL Server/Sybase time-based blind (IF)'
[21:33:07] [INFO] testing 'Oracle AND time-based blind'
[21:33:07] [INFO] testing 'Generic UNION query (NULL) - 1 to 10 columns'
[21:33:11] [WARNING] POST parameter 'username' does not seem to be injectable
[21:33:11] [INFO] testing if POST parameter 'submit' is dynamic
[21:33:11] [WARNING] POST parameter 'submit' does not appear to be dynamic
[21:33:11] [WARNING] heuristic (basic) test shows that POST parameter 'submit' might not be injectable
[21:33:11] [INFO] testing for SQL injection on POST parameter 'submit'
[21:33:11] [INFO] testing 'AND boolean-based blind - WHERE or HAVING clause'
[21:33:12] [INFO] testing 'Boolean-based blind - Parameter replace (original value)'
[21:33:12] [INFO] testing 'MySQL >= 5.0 AND error-based - WHERE, HAVING, ORDER BY or GROUP BY clause (FLOOR)'
[21:33:12] [INFO] testing 'PostgreSQL AND error-based - WHERE or HAVING clause'
[21:33:12] [INFO] testing 'Microsoft SQL Server/Sybase AND error-based - WHERE or HAVING clause (IN)'
[21:33:13] [INFO] testing 'Oracle AND error-based - WHERE or HAVING clause (XMLType)'
[21:33:13] [INFO] testing 'MySQL >= 5.0 error-based - Parameter replace (FLOOR)'
[21:33:13] [INFO] testing 'MySQL inline queries'
[21:33:13] [INFO] testing 'PostgreSQL inline queries'
[21:33:13] [INFO] testing 'Microsoft SQL Server/Sybase inline queries'
[21:33:13] [INFO] testing 'PostgreSQL > 8.1 stacked queries (comment)'
[21:33:13] [INFO] testing 'Microsoft SQL Server/Sybase stacked queries (comment)'
[21:33:14] [INFO] testing 'Oracle stacked queries (DBMS_PIPE.RECEIVE_MESSAGE - comment)'
[21:33:14] [INFO] testing 'MySQL >= 5.0.12 AND time-based blind'
[21:33:14] [INFO] testing 'PostgreSQL > 8.1 AND time-based blind'
[21:33:14] [INFO] testing 'Microsoft SQL Server/Sybase time-based blind (IF)'
[21:33:15] [INFO] testing 'Oracle AND time-based blind'
[21:33:15] [INFO] testing 'Generic UNION query (NULL) - 1 to 10 columns'
[21:33:19] [WARNING] POST parameter 'submit' does not seem to be injectable
[21:33:19] [CRITICAL] all tested parameters do not appear to be injectable. Try to increase values for '--level'/'--risk' options if you wish to perform more tests. If you suspect that there is some kind of protection mechanism involved (e.g. WAF) maybe you could try to use option '--tamper' (e.g. '--tamper=space2comment')

[*] shutting down at 21:33:19

